<?xml version="1.0" encoding="UTF-8"?>
<testsuite xmlns:xsi="http://www.w3.org/2001/XMLSchema-instance" xsi:noNamespaceSchemaLocation="https://maven.apache.org/surefire/maven-surefire-plugin/xsd/surefire-test-report-3.0.xsd" version="3.0" name="com.healthsphere.ManagerToStringTest" time="0.142" tests="6" errors="0" skipped="0" failures="0">
  <properties>
[...]
</properties>
  <testcase name="testRealWardData" classname="com.healthsphere.ManagerToStringTest" time="0.042">
    <system-out><![CDATA[
============================================================
SETUP: Lade echte Daten aus dem HealthSphere System
============================================================
Daten erfolgreich aus patients.ser geladen.
Daten erfolgreich aus employees.ser geladen.
Daten erfolgreich aus wards.ser geladen.
Daten erfolgreich aus treatments.ser geladen.
✅ Patienten geladen: 14
✅ Mitarbeiter geladen: 11
✅ Stationen geladen: 9
✅ Behandlungen geladen: 30

============================================================
TEST 3: Echte Stations-Daten aus dem System
============================================================
📊 DETAILLIERTE STATIONS-DATEN:
Daten erfolgreich aus patients.ser geladen.
Daten erfolgreich aus patients.ser geladen.
Daten erfolgreich aus patients.ser geladen.
Daten erfolgreich aus patients.ser geladen.
Daten erfolgreich aus patients.ser geladen.
Daten erfolgreich aus patients.ser geladen.
Daten erfolgreich aus patients.ser geladen.
Daten erfolgreich aus patients.ser geladen.
Daten erfolgreich aus patients.ser geladen.
WardManager{
  filename='wards.ser'
  autoSaveEnabled=true
  totalWards=9
  wards=[
    Ward{id=1, name='Kardiologie', capacity=13, occupied=3, available=10, hasCapacity=true}
    Ward{id=2, name='Chirurgie', capacity=39, occupied=1, available=38, hasCapacity=true}
    Ward{id=3, name='Innere Medizin', capacity=38, occupied=2, available=36, hasCapacity=true}
    Ward{id=4, name='Pädiatrie', capacity=37, occupied=0, available=37, hasCapacity=true}
    Ward{id=5, name='Orthopädie', capacity=29, occupied=2, available=27, hasCapacity=true}
    Ward{id=6, name='Neurologie', capacity=49, occupied=0, available=49, hasCapacity=true}
    Ward{id=8, name='Notaufnahme', capacity=21, occupied=1, available=20, hasCapacity=true}
    Ward{id=9, name='Radiologie', capacity=48, occupied=1, available=47, hasCapacity=true}
    Ward{id=10, name='Anästhesie', capacity=34, occupied=1, available=33, hasCapacity=true}
  ]
}
]]></system-out>
  </testcase>
  <testcase name="testDataQuality" classname="com.healthsphere.ManagerToStringTest" time="0.01">
    <system-out><![CDATA[
============================================================
SETUP: Lade echte Daten aus dem HealthSphere System
============================================================
Daten erfolgreich aus patients.ser geladen.
Daten erfolgreich aus employees.ser geladen.
Daten erfolgreich aus wards.ser geladen.
Daten erfolgreich aus treatments.ser geladen.
✅ Patienten geladen: 14
✅ Mitarbeiter geladen: 11
✅ Stationen geladen: 9
✅ Behandlungen geladen: 30

============================================================
TEST 6: DATENQUALITÄT UND KONSISTENZ-PRÜFUNG
============================================================
🔍 REFERENZ-INTEGRITÄT PRÜFUNG:
----------------------------------------
Behandlung 0: Patient ✅ gefunden | Arzt ✅ gefunden
Behandlung 1: Patient ✅ gefunden | Arzt ✅ gefunden
Behandlung 2: Patient ✅ gefunden | Arzt ✅ gefunden
Behandlung 3: Patient ✅ gefunden | Arzt ✅ gefunden
Behandlung 4: Patient ✅ gefunden | Arzt ✅ gefunden
Behandlung 5: Patient ✅ gefunden | Arzt ✅ gefunden
Behandlung 6: Patient ✅ gefunden | Arzt ✅ gefunden
Behandlung 7: Patient ✅ gefunden | Arzt ✅ gefunden
Behandlung 8: Patient ✅ gefunden | Arzt ✅ gefunden
Behandlung 9: Patient ✅ gefunden | Arzt ✅ gefunden
Behandlung 10: Patient ✅ gefunden | Arzt ✅ gefunden
Behandlung 11: Patient ✅ gefunden | Arzt ✅ gefunden
Behandlung 12: Patient ✅ gefunden | Arzt ✅ gefunden
Behandlung 13: Patient ✅ gefunden | Arzt ✅ gefunden
Behandlung 14: Patient ✅ gefunden | Arzt ✅ gefunden
Behandlung 15: Patient ✅ gefunden | Arzt ✅ gefunden
Behandlung 16: Patient ✅ gefunden | Arzt ✅ gefunden
Behandlung 17: Patient ✅ gefunden | Arzt ✅ gefunden
Behandlung 18: Patient ✅ gefunden | Arzt ✅ gefunden
Behandlung 19: Patient ✅ gefunden | Arzt ✅ gefunden
Behandlung 20: Patient ✅ gefunden | Arzt ✅ gefunden
Behandlung 21: Patient ✅ gefunden | Arzt ✅ gefunden
Behandlung 22: Patient ✅ gefunden | Arzt ✅ gefunden
Behandlung 23: Patient ✅ gefunden | Arzt ✅ gefunden
Behandlung 24: Patient ✅ gefunden | Arzt ✅ gefunden
Behandlung 25: Patient ✅ gefunden | Arzt ✅ gefunden
Behandlung 26: Patient ✅ gefunden | Arzt ✅ gefunden
Behandlung 27: Patient ✅ gefunden | Arzt ✅ gefunden
Behandlung 28: Patient ✅ gefunden | Arzt ✅ gefunden
Behandlung 29: Patient ✅ gefunden | Arzt ✅ gefunden

🏥 STATIONS-ZUWEISUNGEN PRÜFUNG:
----------------------------------------
Patient Meier: Station 1 ✅ existiert
Patient Schulz: Station 1 ✅ existiert
Patient Hauser: Station 2 ✅ existiert
Patient Wagner: Station 5 ✅ existiert
Patient Koch: Station 7 ❌ nicht gefunden
Patient Richter: Station 9 ✅ existiert
Patient Neumann: Station 10 ✅ existiert
Patient Schwarz: Station 3 ✅ existiert
Patient Müller: Station 7 ❌ nicht gefunden
Patient Klein: Station 8 ✅ existiert
Patient Hartmann: Station 3 ✅ existiert
Patient Krause: Station 5 ✅ existiert
Patient Lange: Station 1 ✅ existiert
]]></system-out>
  </testcase>
  <testcase name="testRealTreatmentData" classname="com.healthsphere.ManagerToStringTest" time="0.062">
    <system-out><![CDATA[
============================================================
SETUP: Lade echte Daten aus dem HealthSphere System
============================================================
Daten erfolgreich aus patients.ser geladen.
Daten erfolgreich aus employees.ser geladen.
Daten erfolgreich aus wards.ser geladen.
Daten erfolgreich aus treatments.ser geladen.
✅ Patienten geladen: 14
✅ Mitarbeiter geladen: 11
✅ Stationen geladen: 9
✅ Behandlungen geladen: 30

============================================================
TEST 4: Echte Behandlungs-Daten aus treatments.ser
============================================================
📊 DETAILLIERTE BEHANDLUNGS-DATEN:
Daten erfolgreich aus patients.ser geladen.
Daten erfolgreich aus employees.ser geladen.
Daten erfolgreich aus patients.ser geladen.
Daten erfolgreich aus employees.ser geladen.
Daten erfolgreich aus patients.ser geladen.
Daten erfolgreich aus employees.ser geladen.
Daten erfolgreich aus patients.ser geladen.
Daten erfolgreich aus employees.ser geladen.
Daten erfolgreich aus patients.ser geladen.
Daten erfolgreich aus employees.ser geladen.
Daten erfolgreich aus patients.ser geladen.
Daten erfolgreich aus employees.ser geladen.
Daten erfolgreich aus patients.ser geladen.
Daten erfolgreich aus employees.ser geladen.
Daten erfolgreich aus patients.ser geladen.
Daten erfolgreich aus employees.ser geladen.
Daten erfolgreich aus patients.ser geladen.
Daten erfolgreich aus employees.ser geladen.
Daten erfolgreich aus patients.ser geladen.
Daten erfolgreich aus employees.ser geladen.
Daten erfolgreich aus patients.ser geladen.
Daten erfolgreich aus employees.ser geladen.
Daten erfolgreich aus patients.ser geladen.
Daten erfolgreich aus employees.ser geladen.
Daten erfolgreich aus patients.ser geladen.
Daten erfolgreich aus employees.ser geladen.
Daten erfolgreich aus patients.ser geladen.
Daten erfolgreich aus employees.ser geladen.
Daten erfolgreich aus patients.ser geladen.
Daten erfolgreich aus employees.ser geladen.
Daten erfolgreich aus patients.ser geladen.
Daten erfolgreich aus employees.ser geladen.
Daten erfolgreich aus patients.ser geladen.
Daten erfolgreich aus employees.ser geladen.
Daten erfolgreich aus patients.ser geladen.
Daten erfolgreich aus employees.ser geladen.
Daten erfolgreich aus patients.ser geladen.
Daten erfolgreich aus employees.ser geladen.
Daten erfolgreich aus patients.ser geladen.
Daten erfolgreich aus employees.ser geladen.
Daten erfolgreich aus patients.ser geladen.
Daten erfolgreich aus employees.ser geladen.
Daten erfolgreich aus patients.ser geladen.
Daten erfolgreich aus employees.ser geladen.
Daten erfolgreich aus patients.ser geladen.
Daten erfolgreich aus employees.ser geladen.
Daten erfolgreich aus patients.ser geladen.
Daten erfolgreich aus employees.ser geladen.
Daten erfolgreich aus patients.ser geladen.
Daten erfolgreich aus employees.ser geladen.
Daten erfolgreich aus patients.ser geladen.
Daten erfolgreich aus employees.ser geladen.
Daten erfolgreich aus patients.ser geladen.
Daten erfolgreich aus employees.ser geladen.
Daten erfolgreich aus patients.ser geladen.
Daten erfolgreich aus employees.ser geladen.
Daten erfolgreich aus patients.ser geladen.
Daten erfolgreich aus employees.ser geladen.
Daten erfolgreich aus patients.ser geladen.
Daten erfolgreich aus employees.ser geladen.
TreatmentManager{
  filename='treatments.ser'
  autoSaveEnabled=true
  totalTreatments=30
  treatments=[
    Treatment{id=0, date=2025-07-31, therapy='Das ist ein Test, um die Ansicht (Behandlungen heute) im DoctorDashboard zu testen', patient='Kevin Hauser', doctor='Hannah Krüger'}
    Treatment{id=1, date=2025-07-27, therapy='Transkutane Mitochondriale Resonanztherapie', patient='Ben Schulz', doctor='Sam Altmen'}
    Treatment{id=2, date=2025-07-27, therapy='Retrograde Lympho-Endotheliale Drainage', patient='Anna Meier', doctor='Sam Altmen'}
    Treatment{id=3, date=2025-07-27, therapy='Hepato-Zerebrale Osmolalitäts-Rekalibrierung', patient='Kevin Hauser', doctor='Jakob Hofmann'}
    Treatment{id=4, date=2025-04-18, therapy='Regelmäßige Kontrolluntersuchung', patient='Laura Koch', doctor='Bianca Krüger'}
    Treatment{id=5, date=2025-04-29, therapy='Nachsorgeuntersuchung post-operativ', patient='Jakob Neumann', doctor='Paula Richter'}
    Treatment{id=6, date=2025-08-01, therapy='Physiotherapie zur Verbesserung der Beweglichkeit', patient='Paula Krause', doctor='Robert Fischer'}
    Treatment{id=7, date=2025-06-25, therapy='Wound care und Verbandswechsel', patient='Hannah Richter', doctor='Jakob Hofmann'}
    Treatment{id=8, date=2025-10-06, therapy='Regelmäßige Kontrolluntersuchung', patient='Hannah Richter', doctor='Christian Becker'}
    Treatment{id=9, date=2025-05-30, therapy='Blutdruckkontrolle und Anpassung der Medikation', patient='Paula Krause', doctor='Paula Richter'}
    Treatment{id=10, date=2025-08-01, therapy='Präventive Behandlung zur Vorbeugung von Migräne', patient='Robert Müller', doctor='Sam Altmen'}
    Treatment{id=11, date=2025-08-02, therapy='Physiotherapie zur Verbesserung der Beweglichkeit', patient='Elena Schwarz', doctor='Christian Becker'}
    Treatment{id=12, date=2025-09-02, therapy='Diagnostische Untersuchung mittels Polypen', patient='Lukas Hartmann', doctor='Paula Richter'}
    Treatment{id=13, date=2025-07-18, therapy='Nachsorgeuntersuchung post-operativ', patient='Felix Klein', doctor='Sam Altmen'}
    Treatment{id=14, date=2025-08-10, therapy='Nachsorgeuntersuchung post-operativ', patient='Lukas Lange', doctor='Bianca Krüger'}
    Treatment{id=15, date=2025-09-03, therapy='Medikamentöse Behandlung mit Röntgen', patient='Paula Krause', doctor='Sarah Neumann'}
    Treatment{id=16, date=2025-05-26, therapy='Nachsorgeuntersuchung post-operativ', patient='Paula Krause', doctor='Paula Richter'}
    Treatment{id=17, date=2025-06-28, therapy='Schmerztherapie bei chronischen Symptomen', patient='Lukas Hartmann', doctor='Robert Fischer'}
    Treatment{id=18, date=2025-03-04, therapy='Wound care und Verbandswechsel', patient='Felix Klein', doctor='Maximilian Becker'}
    Treatment{id=19, date=2025-06-18, therapy='Nachsorgeuntersuchung post-operativ', patient='Felix Klein', doctor='Hannah Krüger'}
    Treatment{id=20, date=2025-06-07, therapy='Präventive Behandlung zur Vorbeugung von Insulin', patient='Paula Krause', doctor='Christian Becker'}
    Treatment{id=21, date=2025-05-23, therapy='Regelmäßige Kontrolluntersuchung', patient='Elena Schwarz', doctor='Bianca Krüger'}
    Treatment{id=22, date=2025-10-14, therapy='Regelmäßige Kontrolluntersuchung', patient='Robert Müller', doctor='Sarah Neumann'}
    Treatment{id=23, date=2025-07-31, therapy='Nachsorgeuntersuchung post-operativ', patient='Hannah Richter', doctor='Paula Richter'}
    Treatment{id=24, date=2025-07-09, therapy='Medikamentöse Behandlung mit Schmerzmitteln', patient='Hannah Richter', doctor='Robert Fischer'}
    Treatment{id=25, date=2025-08-20, therapy='Medikamentöse Behandlung mit Beschwerden', patient='Jakob Neumann', doctor='Hannah Krüger'}
    Treatment{id=26, date=2025-06-25, therapy='Nachsorgeuntersuchung post-operativ', patient='Robert Müller', doctor='Hannah Krüger'}
    Treatment{id=27, date=2025-08-20, therapy='Impfung und Präventionsberatung', patient='Paula Krause', doctor='Sarah Neumann'}
    Treatment{id=28, date=2025-08-03, therapy='Blutdruckkontrolle und Anpassung der Medikation', patient='Isabella Wagner', doctor='Hannah Krüger'}
    Treatment{id=29, date=2025-07-31, therapy='Präventive Behandlung zur Vorbeugung von Arthritis', patient='Lukas Hartmann', doctor='Sam Altmen'}
  ]
}
]]></system-out>
  </testcase>
  <testcase name="testCompleteSystemOverview" classname="com.healthsphere.ManagerToStringTest" time="0.011">
    <system-out><![CDATA[
============================================================
SETUP: Lade echte Daten aus dem HealthSphere System
============================================================
Daten erfolgreich aus patients.ser geladen.
Daten erfolgreich aus employees.ser geladen.
Daten erfolgreich aus wards.ser geladen.
Daten erfolgreich aus treatments.ser geladen.
✅ Patienten geladen: 14
✅ Mitarbeiter geladen: 11
✅ Stationen geladen: 9
✅ Behandlungen geladen: 30

============================================================
TEST 5: VOLLSTÄNDIGE SYSTEM-ÜBERSICHT MIT ECHTEN DATEN
============================================================
🏥 HEALTHSPHERE SYSTEM STATUS (LIVE-DATEN)
--------------------------------------------------
--------------------------------------------------

📈 LIVE KAPAZITÄTSANALYSE:
--------------------------------------------------
🏥 Kardiologie     | Kapazität: 13 | Belegt:  3 | Frei: 10 | Auslastung: 23,1%
🏥 Chirurgie       | Kapazität: 39 | Belegt:  1 | Frei: 38 | Auslastung: 2,6%
🏥 Innere Medizin  | Kapazität: 38 | Belegt:  2 | Frei: 36 | Auslastung: 5,3%
🏥 Pädiatrie       | Kapazität: 37 | Belegt:  0 | Frei: 37 | Auslastung: 0,0%
🏥 Orthopädie      | Kapazität: 29 | Belegt:  2 | Frei: 27 | Auslastung: 6,9%
🏥 Neurologie      | Kapazität: 49 | Belegt:  0 | Frei: 49 | Auslastung: 0,0%
🏥 Notaufnahme     | Kapazität: 21 | Belegt:  1 | Frei: 20 | Auslastung: 4,8%
🏥 Radiologie      | Kapazität: 48 | Belegt:  1 | Frei: 47 | Auslastung: 2,1%
🏥 Anästhesie      | Kapazität: 34 | Belegt:  1 | Frei: 33 | Auslastung: 2,9%

📊 BEHANDLUNGSSTATISTIKEN (LIVE):
--------------------------------------------------
📅 Behandlungen heute: 0
📅 Behandlungen diese Woche: 11
📅 Behandlungen gesamt: 30
]]></system-out>
  </testcase>
  <testcase name="testRealPatientData" classname="com.healthsphere.ManagerToStringTest" time="0.008">
    <system-out><![CDATA[
============================================================
SETUP: Lade echte Daten aus dem HealthSphere System
============================================================
Daten erfolgreich aus patients.ser geladen.
Daten erfolgreich aus employees.ser geladen.
Daten erfolgreich aus wards.ser geladen.
Daten erfolgreich aus treatments.ser geladen.
✅ Patienten geladen: 14
✅ Mitarbeiter geladen: 11
✅ Stationen geladen: 9
✅ Behandlungen geladen: 30

============================================================
TEST 1: Echte Patienten-Daten aus patients.ser
============================================================
PATIENTEN-DATEN:
PersonManager{
  filename='patients.ser'
  autoSaveEnabled=true
  totalPersons=14
  personType='Patient'
  persons=[
    Patient{id=1, name='Meier, Anna', age=35, email='anna@web.de', ward=Ward-1}
    Patient{id=2, name='Schulz, Ben', age=40, email='b@web.de', ward=Ward-1}
    Patient{id=3, name='Hauser, Kevin', age=24, email='kevin.der.tester69@web.de', ward=Ward-2}
    Patient{id=11, name='Wagner, Isabella', age=75, email='isabella.wagner@outlook.de', ward=Ward-5}
    Patient{id=12, name='Koch, Laura', age=8, email='laura.koch@gmail.com', ward=Ward-7}
    Patient{id=13, name='Richter, Hannah', age=52, email='hannah.richter@outlook.de', ward=Ward-9}
    Patient{id=14, name='Neumann, Jakob', age=78, email='jakob.neumann@yahoo.de', ward=Ward-10}
    Patient{id=15, name='Schwarz, Elena', age=0, email='elena.schwarz@gmail.com', ward=Ward-3}
    Patient{id=16, name='Müller, Robert', age=55, email='robert.müller@t-online.de', ward=Ward-7}
    Patient{id=17, name='Klein, Felix', age=22, email='felix.klein@gmail.com', ward=Ward-8}
    Patient{id=18, name='Hartmann, Lukas', age=59, email='lukas.hartmann@yahoo.de', ward=Ward-3}
    Patient{id=19, name='Krause, Paula', age=19, email='paula.krause@t-online.de', ward=Ward-5}
    Patient{id=20, name='Lange, Lukas', age=60, email='lukas.lange@t-online.de', ward=Ward-1}
    Patient{id=0, name='Miller, Gutav', age=20, email='45dsgfdhdc@bhd.de', ward=No Ward}
  ]
}
]]></system-out>
  </testcase>
  <testcase name="testRealEmployeeData" classname="com.healthsphere.ManagerToStringTest" time="0.005">
    <system-out><![CDATA[
============================================================
SETUP: Lade echte Daten aus dem HealthSphere System
============================================================
Daten erfolgreich aus patients.ser geladen.
Daten erfolgreich aus employees.ser geladen.
Daten erfolgreich aus wards.ser geladen.
Daten erfolgreich aus treatments.ser geladen.
✅ Patienten geladen: 14
✅ Mitarbeiter geladen: 11
✅ Stationen geladen: 9
✅ Behandlungen geladen: 30

============================================================
TEST 2: Echte Mitarbeiter-Daten aus employees.ser
============================================================
📊 DETAILLIERTE MITARBEITER-DATEN:
PersonManager{
  filename='employees.ser'
  autoSaveEnabled=true
  totalPersons=11
  personType='Employee'
  persons=[
    Employee{id=1, name='Altmen, Sam', dept='Neurology', age=26, email='hey.ho@lets.go', ward=No Ward}
    Employee{id=2, name='Hofmann, Jakob', dept='Radiology', age=39, email='jakob.hofmann@yahoo.de', ward=Ward-2}
    Employee{id=3, name='Wagner, Paula', dept='Neurology', age=46, email='paula.wagner@t-online.de', ward=Ward-3}
    Employee{id=4, name='Neumann, Sarah', dept='Emergency Medicine', age=47, email='sarah.neumann@yahoo.de', ward=Ward-4}
    Employee{id=5, name='Becker, Christian', dept='Emergency Medicine', age=34, email='christian.becker@web.de', ward=Ward-5}
    Employee{id=6, name='Krüger, Bianca', dept='Orthopedics', age=44, email='bianca.krüger@yahoo.de', ward=Ward-6}
    Employee{id=7, name='Richter, Paula', dept='Cardiology', age=44, email='paula.richter@web.de', ward=Ward-9}
    Employee{id=8, name='Becker, Maximilian', dept='Dermatology', age=54, email='maximilian.becker@gmail.com', ward=Ward-8}
    Employee{id=9, name='Krüger, Hannah', dept='Internal Medicine', age=48, email='hannah.krüger@yahoo.de', ward=Ward-9}
    Employee{id=10, name='Fischer, Robert', dept='Surgery', age=37, email='robert.fischer@t-online.de', ward=Ward-10}
    Employee{id=0, name='Dover, Ben', dept='Anesthesiology', age=41, email='Overdrive@medic.com', ward=No Ward}
  ]
}
]]></system-out>
  </testcase>
</testsuite>