<?xml version="1.0" encoding="UTF-8"?>
<testsuite xmlns:xsi="http://www.w3.org/2001/XMLSchema-instance" xsi:noNamespaceSchemaLocation="https://maven.apache.org/surefire/maven-surefire-plugin/xsd/surefire-test-report-3.0.xsd" version="3.0" name="ManagerToStringTest" time="0.16" tests="6" errors="0" skipped="0" failures="0">
  <properties>
[...]
</properties>
  <testcase name="testEmployeeManagerToString" classname="ManagerToStringTest" time="0.055">
    <system-out><![CDATA[
============================================================
SETUP: Erstelle Test-Manager und füge Test-Daten hinzu
============================================================
Daten erfolgreich aus wards.ser geladen.
Daten erfolgreich aus patients.ser geladen.
Daten erfolgreich in test_patients.ser gespeichert.
Daten erfolgreich aus wards.ser geladen.
Daten erfolgreich aus patients.ser geladen.
Daten erfolgreich in test_patients.ser gespeichert.
Daten erfolgreich aus wards.ser geladen.
Daten erfolgreich aus patients.ser geladen.
Daten erfolgreich in test_patients.ser gespeichert.
Daten erfolgreich in test_employees.ser gespeichert.
Daten erfolgreich in test_employees.ser gespeichert.
Daten erfolgreich in test_employees.ser gespeichert.
Daten erfolgreich in test_treatments.ser gespeichert.
Daten erfolgreich in test_treatments.ser gespeichert.
Daten erfolgreich in test_treatments.ser gespeichert.
✓ Test-Daten erfolgreich erstellt!

============================================================
TEST 2: PersonManager<Employee> toString() Ausgabe
============================================================
PersonManager{
  filename='test_employees.ser'
  autoSaveEnabled=true
  totalPersons=3
  personType='Employee'
  persons=[
    com.healthsphere.components.Employee@84
    com.healthsphere.components.Employee@85
    com.healthsphere.components.Employee@86
  ]
}

Kompakte Version:

============================================================
CLEANUP: Räume Test-Dateien auf
============================================================
✓ Test-Dateien erfolgreich gelöscht!
✓ Cleanup abgeschlossen!
]]></system-out>
    <system-err><![CDATA[Fehler beim Laden: test_patients.ser (Das System kann die angegebene Datei nicht finden)
Fehler beim Laden: test_employees.ser (Das System kann die angegebene Datei nicht finden)
]]></system-err>
  </testcase>
  <testcase name="testWardManagerToString" classname="ManagerToStringTest" time="0.024">
    <system-out><![CDATA[
============================================================
SETUP: Erstelle Test-Manager und füge Test-Daten hinzu
============================================================
Daten erfolgreich aus wards.ser geladen.
Daten erfolgreich aus patients.ser geladen.
Daten erfolgreich in test_patients.ser gespeichert.
Daten erfolgreich aus wards.ser geladen.
Daten erfolgreich aus patients.ser geladen.
Daten erfolgreich in test_patients.ser gespeichert.
Daten erfolgreich aus wards.ser geladen.
Daten erfolgreich aus patients.ser geladen.
Daten erfolgreich in test_patients.ser gespeichert.
Daten erfolgreich in test_employees.ser gespeichert.
Daten erfolgreich in test_employees.ser gespeichert.
Daten erfolgreich in test_employees.ser gespeichert.
Daten erfolgreich in test_treatments.ser gespeichert.
Daten erfolgreich in test_treatments.ser gespeichert.
Daten erfolgreich in test_treatments.ser gespeichert.
✓ Test-Daten erfolgreich erstellt!

============================================================
TEST 3: WardManager toString() Ausgabe
============================================================
Daten erfolgreich aus patients.ser geladen.
Daten erfolgreich aus patients.ser geladen.
Daten erfolgreich aus patients.ser geladen.
WardManager{
  filename='none'
  autoSaveEnabled=true
  totalWards=3
  wards=[
    Ward{id=1, name='Kardiologie', capacity=20, occupied=3, available=17, hasCapacity=true}
    Ward{id=2, name='Chirurgie', capacity=15, occupied=1, available=14, hasCapacity=true}
    Ward{id=3, name='Notaufnahme', capacity=10, occupied=3, available=7, hasCapacity=true}
  ]
}

Kompakte Version:

============================================================
CLEANUP: Räume Test-Dateien auf
============================================================
✓ Test-Dateien erfolgreich gelöscht!
✓ Cleanup abgeschlossen!
]]></system-out>
    <system-err><![CDATA[Fehler beim Laden: test_patients.ser (Das System kann die angegebene Datei nicht finden)
Fehler beim Laden: test_employees.ser (Das System kann die angegebene Datei nicht finden)
]]></system-err>
  </testcase>
  <testcase name="testTreatmentManagerToString" classname="ManagerToStringTest" time="0.026">
    <system-out><![CDATA[
============================================================
SETUP: Erstelle Test-Manager und füge Test-Daten hinzu
============================================================
Daten erfolgreich aus wards.ser geladen.
Daten erfolgreich aus patients.ser geladen.
Daten erfolgreich in test_patients.ser gespeichert.
Daten erfolgreich aus wards.ser geladen.
Daten erfolgreich aus patients.ser geladen.
Daten erfolgreich in test_patients.ser gespeichert.
Daten erfolgreich aus wards.ser geladen.
Daten erfolgreich aus patients.ser geladen.
Daten erfolgreich in test_patients.ser gespeichert.
Daten erfolgreich in test_employees.ser gespeichert.
Daten erfolgreich in test_employees.ser gespeichert.
Daten erfolgreich in test_employees.ser gespeichert.
Daten erfolgreich in test_treatments.ser gespeichert.
Daten erfolgreich in test_treatments.ser gespeichert.
Daten erfolgreich in test_treatments.ser gespeichert.
✓ Test-Daten erfolgreich erstellt!

============================================================
TEST 4: TreatmentManager toString() Ausgabe
============================================================
Daten erfolgreich aus patients.ser geladen.
Daten erfolgreich aus employees.ser geladen.
Daten erfolgreich aus patients.ser geladen.
Daten erfolgreich aus employees.ser geladen.
Daten erfolgreich aus patients.ser geladen.
Daten erfolgreich aus employees.ser geladen.
TreatmentManager{
  filename='test_treatments.ser'
  autoSaveEnabled=true
  totalTreatments=3
  treatments=[
    Treatment{id=1001, date=2025-08-01, therapy='EKG-Untersuchung', patient='Anna Meier', doctor='Unknown (ID:101)'}
    Treatment{id=1002, date=2025-08-02, therapy='Blutdruckmessung', patient='Ben Schulz', doctor='Unknown (ID:101)'}
    Treatment{id=1003, date=2025-08-03, therapy='Präoperative Untersuchung', patient='Kevin Hauser', doctor='Unknown (ID:102)'}
  ]
}

Kompakte Version:

============================================================
CLEANUP: Räume Test-Dateien auf
============================================================
✓ Test-Dateien erfolgreich gelöscht!
✓ Cleanup abgeschlossen!
]]></system-out>
    <system-err><![CDATA[Fehler beim Laden: test_patients.ser (Das System kann die angegebene Datei nicht finden)
Fehler beim Laden: test_employees.ser (Das System kann die angegebene Datei nicht finden)
]]></system-err>
  </testcase>
  <testcase name="testEmptyManagersToString" classname="ManagerToStringTest" time="0.017">
    <system-out><![CDATA[
============================================================
SETUP: Erstelle Test-Manager und füge Test-Daten hinzu
============================================================
Daten erfolgreich aus wards.ser geladen.
Daten erfolgreich aus patients.ser geladen.
Daten erfolgreich in test_patients.ser gespeichert.
Daten erfolgreich aus wards.ser geladen.
Daten erfolgreich aus patients.ser geladen.
Daten erfolgreich in test_patients.ser gespeichert.
Daten erfolgreich aus wards.ser geladen.
Daten erfolgreich aus patients.ser geladen.
Daten erfolgreich in test_patients.ser gespeichert.
Daten erfolgreich in test_employees.ser gespeichert.
Daten erfolgreich in test_employees.ser gespeichert.
Daten erfolgreich in test_employees.ser gespeichert.
Daten erfolgreich in test_treatments.ser gespeichert.
Daten erfolgreich in test_treatments.ser gespeichert.
Daten erfolgreich in test_treatments.ser gespeichert.
✓ Test-Daten erfolgreich erstellt!

============================================================
TEST 6: Leere Manager toString() Ausgabe
============================================================
Leerer PatientManager:
PersonManager{
  filename='none'
  autoSaveEnabled=true
  totalPersons=0
  persons=[]
}

Leerer WardManager:
WardManager{
  filename='none'
  autoSaveEnabled=true
  totalWards=0
  wards=[]
}

Leerer TreatmentManager:
TreatmentManager{
  filename='none'
  autoSaveEnabled=true
  totalTreatments=0
  treatments=[]
}

============================================================
CLEANUP: Räume Test-Dateien auf
============================================================
✓ Test-Dateien erfolgreich gelöscht!
✓ Cleanup abgeschlossen!
]]></system-out>
    <system-err><![CDATA[Fehler beim Laden: test_patients.ser (Das System kann die angegebene Datei nicht finden)
Fehler beim Laden: test_employees.ser (Das System kann die angegebene Datei nicht finden)
]]></system-err>
  </testcase>
  <testcase name="testPatientManagerToString" classname="ManagerToStringTest" time="0.016">
    <system-out><![CDATA[
============================================================
SETUP: Erstelle Test-Manager und füge Test-Daten hinzu
============================================================
Daten erfolgreich aus wards.ser geladen.
Daten erfolgreich aus patients.ser geladen.
Daten erfolgreich in test_patients.ser gespeichert.
Daten erfolgreich aus wards.ser geladen.
Daten erfolgreich aus patients.ser geladen.
Daten erfolgreich in test_patients.ser gespeichert.
Daten erfolgreich aus wards.ser geladen.
Daten erfolgreich aus patients.ser geladen.
Daten erfolgreich in test_patients.ser gespeichert.
Daten erfolgreich in test_employees.ser gespeichert.
Daten erfolgreich in test_employees.ser gespeichert.
Daten erfolgreich in test_employees.ser gespeichert.
Daten erfolgreich in test_treatments.ser gespeichert.
Daten erfolgreich in test_treatments.ser gespeichert.
Daten erfolgreich in test_treatments.ser gespeichert.
✓ Test-Daten erfolgreich erstellt!

============================================================
TEST 1: PersonManager<Patient> toString() Ausgabe
============================================================
PersonManager{
  filename='test_patients.ser'
  autoSaveEnabled=true
  totalPersons=3
  personType='Patient'
  persons=[
    com.healthsphere.components.Patient@20
    com.healthsphere.components.Patient@21
    com.healthsphere.components.Patient@22
  ]
}

Kompakte Version:

============================================================
CLEANUP: Räume Test-Dateien auf
============================================================
✓ Test-Dateien erfolgreich gelöscht!
✓ Cleanup abgeschlossen!
]]></system-out>
    <system-err><![CDATA[Fehler beim Laden: test_patients.ser (Das System kann die angegebene Datei nicht finden)
Fehler beim Laden: test_employees.ser (Das System kann die angegebene Datei nicht finden)
]]></system-err>
  </testcase>
  <testcase name="testSystemOverview" classname="ManagerToStringTest" time="0.018">
    <system-out><![CDATA[
============================================================
SETUP: Erstelle Test-Manager und füge Test-Daten hinzu
============================================================
Daten erfolgreich aus wards.ser geladen.
Daten erfolgreich aus patients.ser geladen.
Daten erfolgreich in test_patients.ser gespeichert.
Daten erfolgreich aus wards.ser geladen.
Daten erfolgreich aus patients.ser geladen.
Daten erfolgreich in test_patients.ser gespeichert.
Daten erfolgreich aus wards.ser geladen.
Daten erfolgreich aus patients.ser geladen.
Daten erfolgreich in test_patients.ser gespeichert.
Daten erfolgreich in test_employees.ser gespeichert.
Daten erfolgreich in test_employees.ser gespeichert.
Daten erfolgreich in test_employees.ser gespeichert.
Daten erfolgreich in test_treatments.ser gespeichert.
Daten erfolgreich in test_treatments.ser gespeichert.
Daten erfolgreich in test_treatments.ser gespeichert.
✓ Test-Daten erfolgreich erstellt!

============================================================
TEST 5: SYSTEM-ÜBERSICHT ALLER MANAGER
============================================================

📈 DETAILLIERTE KAPAZITÄTSANALYSE:
----------------------------------------
🏥 Kardiologie     | Kapazität: 20 | Belegt:  2 | Frei: 18 | Auslastung: 10,0%
🏥 Chirurgie       | Kapazität: 15 | Belegt:  1 | Frei: 14 | Auslastung: 6,7%
🏥 Notaufnahme     | Kapazität: 10 | Belegt:  0 | Frei: 10 | Auslastung: 0,0%

============================================================
CLEANUP: Räume Test-Dateien auf
============================================================
✓ Test-Dateien erfolgreich gelöscht!
✓ Cleanup abgeschlossen!
]]></system-out>
    <system-err><![CDATA[Fehler beim Laden: test_patients.ser (Das System kann die angegebene Datei nicht finden)
Fehler beim Laden: test_employees.ser (Das System kann die angegebene Datei nicht finden)
]]></system-err>
  </testcase>
</testsuite>